{"level":"info","message":"--- Nano Banana 2 PRODUCTION-HARDENED Server ---","timestamp":"2026-03-30T06:37:09.476Z"}
{"level":"info","message":"Server listening on http://localhost:3001","timestamp":"2026-03-30T06:37:09.478Z"}
{"level":"info","message":"--- 🥦 Nano Banana 2 PRODUCTION-HARDENED Server with BroccoliDB ---","timestamp":"2026-03-30T06:40:54.344Z"}
{"level":"info","message":"Server listening on http://localhost:3001","timestamp":"2026-03-30T06:40:54.346Z"}
{"level":"info","message":"--- 🥦 Nano Banana 2 PRODUCTION-HARDENED Server with BroccoliDB ---","timestamp":"2026-03-30T06:45:35.332Z"}
{"level":"info","message":"Server listening on http://localhost:3001","timestamp":"2026-03-30T06:45:35.334Z"}
{"level":"info","message":"--- 🥦 Nano Banana 2 PRODUCTION-HARDENED Server with BroccoliDB ---","timestamp":"2026-03-30T06:47:22.780Z"}
{"level":"info","message":"Server listening on http://localhost:3001","timestamp":"2026-03-30T06:47:22.781Z"}
{"level":"info","message":"--- 🥦 Nano Banana 2 PRODUCTION-HARDENED Server with BroccoliDB ---","timestamp":"2026-03-30T07:03:25.100Z"}
{"level":"info","message":"Server listening on http://localhost:3001","timestamp":"2026-03-30T07:03:25.101Z"}
{"level":"info","message":"--- 🥦 Nano Banana 2 PRODUCTION-HARDENED Server with BroccoliDB ---","timestamp":"2026-03-30T07:05:37.349Z"}
{"level":"info","message":"Server listening on http://localhost:3001","timestamp":"2026-03-30T07:05:37.351Z"}
{"level":"info","message":"--- 🥦 Nano Banana 2 PRODUCTION-HARDENED Server with BroccoliDB ---","timestamp":"2026-03-30T07:06:20.147Z"}
{"level":"info","message":"Server listening on http://localhost:3001","timestamp":"2026-03-30T07:06:20.149Z"}
{"level":"info","message":"::1 - - [30/Mar/2026:07:08:38 +0000] \"GET / HTTP/1.1\" 404 139 \"-\" \"Mozilla/5.0 (Macintosh; Intel Mac OS X 10_15_7) AppleWebKit/537.36 (KHTML, like Gecko) Chrome/146.0.0.0 Safari/537.36\"","timestamp":"2026-03-30T07:08:38.894Z"}
{"level":"info","message":"::1 - - [30/Mar/2026:07:08:40 +0000] \"GET /sw.js HTTP/1.1\" 404 144 \"http://localhost:3001/sw.js\" \"Mozilla/5.0 (Macintosh; Intel Mac OS X 10_15_7) AppleWebKit/537.36 (KHTML, like Gecko) Chrome/146.0.0.0 Safari/537.36\"","timestamp":"2026-03-30T07:08:40.659Z"}
{"level":"info","message":"--- 🥦 Nano Banana 2 PRODUCTION-HARDENED Server with BroccoliDB ---","timestamp":"2026-03-30T07:09:16.647Z"}
{"level":"info","message":"Server listening on http://localhost:3001","timestamp":"2026-03-30T07:09:16.649Z"}
{"level":"info","message":"::1 - - [30/Mar/2026:07:09:20 +0000] \"GET / HTTP/1.1\" 404 139 \"-\" \"curl/8.7.1\"","timestamp":"2026-03-30T07:09:20.144Z"}
{"level":"info","message":"--- 🥦 Nano Banana 2 PRODUCTION-HARDENED Server with BroccoliDB ---","timestamp":"2026-03-30T07:09:37.754Z"}
{"level":"info","message":"Server listening on http://localhost:3001","timestamp":"2026-03-30T07:09:37.755Z"}
{"level":"info","message":"::1 - - [30/Mar/2026:07:09:44 +0000] \"GET / HTTP/1.1\" 200 96 \"-\" \"curl/8.7.1\"","timestamp":"2026-03-30T07:09:44.330Z"}
